<?xml version="1.0" encoding="UTF-8"?>
<!-- Generated by org.testng.reporters.JUnitReportReporter -->
<testsuite name="org.Testing.Testing_TestNG" tests="1" time="0.014" ignored="0" failures="0" timestamp="13 Jan 2022 03:52:48 GMT" skipped="0" hostname="DESKTOP-Q7L521J" errors="0">
  <testcase name="testing" time="0.014" classname="org.Testing.Testing_TestNG"/>
</testsuite> <!-- org.Testing.Testing_TestNG -->
